------------------------------------------
Final # of components (cPCA) -> 17
Final alpha (cPCA) -> 47.5081
------------------------------------------
Final # of components (cPCA) -> 17
Final alpha (cPCA) -> 11.7681
------------------------------------------
Final # of components (cPCA) -> 9
Final alpha (cPCA) -> 75.6463
------------------------------------------
Final # of components (cPCA) -> 16
Final alpha (cPCA) -> 57.2237
------------------------------------------
Final # of components (cPCA) -> 15
Final alpha (cPCA) -> 68.9261
------------------------------------------
Final # of components (cPCA) -> 17
Final alpha (cPCA) -> 47.5081
------------------------------------------
Final # of components (cPCA) -> 17
Final alpha (cPCA) -> 43.2876
------------------------------------------
Final # of components (cPCA) -> 8
Final alpha (cPCA) -> 9.7701
------------------------------------------
Imputing Data..., step 1
Imputing Data..., step 2
Imputing Data..., step 3
Final # of components (cPCA) -> 16
Final alpha (cPCA) -> 24.7708
------------------------------------------
Final # of components (cPCA) -> 16
Final alpha (cPCA) -> 27.1859
------------------------------------------
Final # of components (cPCA) -> 18
Final alpha (cPCA) -> 47.5081
------------------------------------------
Final # of components (cPCA) -> 16
Final alpha (cPCA) -> 32.7455
------------------------------------------
Final # of components (cPCA) -> 16
Final alpha (cPCA) -> 43.2876
Node-node distance and shortest paths ...
------------------------------------------
Final # of components (cPCA) -> 16
Final alpha (cPCA) -> 62.8029
------------------------------------------
Final # of components (cPCA) -> 15
Final alpha (cPCA) -> 14.1747
------------------------------------------
Final # of components (cPCA) -> 16
Final alpha (cPCA) -> 91.1163
------------------------------------------
Final # of components (cPCA) -> 16
Final alpha (cPCA) -> 62.8029
------------------------------------------
Final # of components (cPCA) -> 16
Final alpha (cPCA) -> 57.2237
------------------------------------------
Final # of components (cPCA) -> 16
Final alpha (cPCA) -> 68.9261
------------------------------------------
Final # of components (cPCA) -> 17
Final alpha (cPCA) -> 43.2876
------------------------------------------
Final # of components (cPCA) -> 16
Final alpha (cPCA) -> 43.2876
------------------------------------------
Final # of components (cPCA) -> 31
Final alpha (cPCA) -> 6.1359
------------------------------------------
Final # of components (cPCA) -> 17
Final alpha (cPCA) -> 57.2237
------------------------------------------
Final # of components (cPCA) -> 18
Final alpha (cPCA) -> 68.9261
------------------------------------------
Final # of components (cPCA) -> 16
Final alpha (cPCA) -> 68.9261
------------------------------------------
Final # of components (cPCA) -> 17
Final alpha (cPCA) -> 43.2876
------------------------------------------
Final # of components (cPCA) -> 17
Final alpha (cPCA) -> 57.2237
------------------------------------------
Final # of components (cPCA) -> 16
Final alpha (cPCA) -> 68.9261
------------------------------------------
Final # of components (cPCA) -> 16
Final alpha (cPCA) -> 52.1401
------------------------------------------
Final # of components (cPCA) -> 16
Final alpha (cPCA) -> 52.1401
------------------------------------------
Final # of components (cPCA) -> 16
Final alpha (cPCA) -> 43.2876
------------------------------------------
Final # of components (cPCA) -> 17
Final alpha (cPCA) -> 68.9261
------------------------------------------
Final # of components (cPCA) -> 17
Final alpha (cPCA) -> 39.4421
------------------------------------------
Final # of components (cPCA) -> 18
Final alpha (cPCA) -> 47.5081
------------------------------------------
Final # of components (cPCA) -> 18
Final alpha (cPCA) -> 11.7681
------------------------------------------
Final # of components (cPCA) -> 17
Final alpha (cPCA) -> 3.5112
------------------------------------------
Final # of components (cPCA) -> 18
Final alpha (cPCA) -> 4.2292
------------------------------------------
Final # of components (cPCA) -> 18
Final alpha (cPCA) -> 47.5081
------------------------------------------
Final # of components (cPCA) -> 18
Final alpha (cPCA) -> 47.5081
------------------------------------------
Final # of components (cPCA) -> 3
Final alpha (cPCA) -> 1.2129
------------------------------------------
Final # of components (cPCA) -> 3
Final alpha (cPCA) -> 1.1755
------------------------------------------
Final # of components (cPCA) -> 3
Final alpha (cPCA) -> 0.31257
------------------------------------------
Final # of components (cPCA) -> 3
Final alpha (cPCA) -> 1.0233
------------------------------------------
Final # of components (cPCA) -> 2
Final alpha (cPCA) -> 1.2959
------------------------------------------
Final # of components (cPCA) -> 2
Final alpha (cPCA) -> 0.010975
------------------------------------------
Final # of components (cPCA) -> 2
Final alpha (cPCA) -> 1.2989
------------------------------------------
Final # of components (cPCA) -> 2
Final alpha (cPCA) -> 1.4475
------------------------------------------
Final # of components (cPCA) -> 2
Final alpha (cPCA) -> 1.515
Node-node distance and shortest paths ...
------------------------------------------
Final # of components (cPCA) -> 19
Final alpha (cPCA) -> 52.1401
------------------------------------------
Final # of components (cPCA) -> 17
Final alpha (cPCA) -> 75.6463
------------------------------------------
Final # of components (cPCA) -> 18
Final alpha (cPCA) -> 15.5568
------------------------------------------
Final # of components (cPCA) -> 17
Final alpha (cPCA) -> 2.6561
------------------------------------------
Final # of components (cPCA) -> 18
Final alpha (cPCA) -> 52.1401
------------------------------------------
Final # of components (cPCA) -> 18
Final alpha (cPCA) -> 47.5081
------------------------------------------
Final # of components (cPCA) -> 15
Final alpha (cPCA) -> 47.5081
------------------------------------------
Final # of components (cPCA) -> 16
Final alpha (cPCA) -> 39.4421
------------------------------------------
Final # of components (cPCA) -> 19
Final alpha (cPCA) -> 68.9261
------------------------------------------
Final # of components (cPCA) -> 18
Final alpha (cPCA) -> 12.9155
------------------------------------------
Final # of components (cPCA) -> 16
Final alpha (cPCA) -> 68.9261
------------------------------------------
Final # of components (cPCA) -> 14
Final alpha (cPCA) -> 2.6561
------------------------------------------
Final # of components (cPCA) -> 18
Final alpha (cPCA) -> 3.1993
------------------------------------------
Final # of components (cPCA) -> 18
Final alpha (cPCA) -> 32.7455
------------------------------------------
Final # of components (cPCA) -> 16
Final alpha (cPCA) -> 68.9261
------------------------------------------
Final # of components (cPCA) -> 20
Final alpha (cPCA) -> 62.8029
------------------------------------------
Final # of components (cPCA) -> 20
Final alpha (cPCA) -> 52.1401
------------------------------------------
Final # of components (cPCA) -> 8
Final alpha (cPCA) -> 1.4125
------------------------------------------
Final # of components (cPCA) -> 14
Final alpha (cPCA) -> 3.5112
------------------------------------------
Final # of components (cPCA) -> 16
Final alpha (cPCA) -> 52.1401
------------------------------------------
Final # of components (cPCA) -> 18
Final alpha (cPCA) -> 68.9261
------------------------------------------
Final # of components (cPCA) -> 16
Final alpha (cPCA) -> 47.5081
------------------------------------------
Final # of components (cPCA) -> 16
Final alpha (cPCA) -> 10.7227
------------------------------------------
Final # of components (cPCA) -> 15
Final alpha (cPCA) -> 62.8029
------------------------------------------
Final # of components (cPCA) -> 15
Final alpha (cPCA) -> 57.2237
------------------------------------------
Final # of components (cPCA) -> 15
Final alpha (cPCA) -> 57.2237
------------------------------------------
Final # of components (cPCA) -> 15
Final alpha (cPCA) -> 62.8029
------------------------------------------
Final # of components (cPCA) -> 19
Final alpha (cPCA) -> 58.0449
------------------------------------------
Final # of components (cPCA) -> 20
Final alpha (cPCA) -> 351.1192
------------------------------------------
Final # of components (cPCA) -> 15
Final alpha (cPCA) -> 6.7342
------------------------------------------
Final # of components (cPCA) -> 17
Final alpha (cPCA) -> 20.5651
------------------------------------------
Final # of components (cPCA) -> 17
Final alpha (cPCA) -> 47.5081
------------------------------------------
Final # of components (cPCA) -> 17
Final alpha (cPCA) -> 100
------------------------------------------
Final # of components (cPCA) -> 17
Final alpha (cPCA) -> 100
------------------------------------------
Final # of components (cPCA) -> 17
Final alpha (cPCA) -> 205.7089
------------------------------------------
Final # of components (cPCA) -> 19
Final alpha (cPCA) -> 10.7227
------------------------------------------
Final # of components (cPCA) -> 16
Final alpha (cPCA) -> 62.8029
------------------------------------------
Final # of components (cPCA) -> 15
Final alpha (cPCA) -> 18.7382
------------------------------------------
Final # of components (cPCA) -> 18
Final alpha (cPCA) -> 57.2237
------------------------------------------
Final # of components (cPCA) -> 14
Final alpha (cPCA) -> 75.6463
------------------------------------------
Final # of components (cPCA) -> 16
Final alpha (cPCA) -> 91.1163
------------------------------------------
Final # of components (cPCA) -> 14
Final alpha (cPCA) -> 52.1401
------------------------------------------
Final # of components (cPCA) -> 15
Final alpha (cPCA) -> 52.1401
------------------------------------------
Final # of components (cPCA) -> 18
Final alpha (cPCA) -> 57.2237
------------------------------------------
Final # of components (cPCA) -> 14
Final alpha (cPCA) -> 11.7681
------------------------------------------
Final # of components (cPCA) -> 2
Final alpha (cPCA) -> 4.2292
------------------------------------------
Final # of components (cPCA) -> 2
Final alpha (cPCA) -> 4.6416
------------------------------------------
Final # of components (cPCA) -> 50
Final alpha (cPCA) -> 4.5568
------------------------------------------
Setting up environment variables
---
LD_LIBRARY_PATH is .:/opt/fmrib/MATLAB/MATLAB_Compiler_Runtime/v98/runtime/glnxa64:/opt/fmrib/MATLAB/MATLAB_Compiler_Runtime/v98/bin/glnxa64:/opt/fmrib/MATLAB/MATLAB_Compiler_Runtime/v98/sys/os/glnxa64:/opt/fmrib/MATLAB/MATLAB_Compiler_Runtime/v98/sys/opengl/lib/glnxa64
Warning: Executing startup failed in matlabrc.
This indicates a potentially serious problem in your MATLAB setup, which should be resolved as soon as possible.  Error detected was:
MATLAB:mpath:PathAlterationNotSupported
Modifying the search path is not supported by MATLAB Compiler. Remove functions that modify the search path from your MATLAB code. To make files visible to your deployed application, add the parent folder to your MATLAB session.
Warning: Column headers from the file were modified to make them valid MATLAB identifiers before creating variable names for the table. The original column headers are saved in the VariableDescriptions property.
Set 'PreserveVariableNames' to true to use the original column headers as table variable names.
Warning: Column headers from the file were modified to make them valid MATLAB identifiers before creating variable names for the table. The original column headers are saved in the VariableDescriptions property.
Set 'PreserveVariableNames' to true to use the original column headers as table variable names.
Warning: Column headers from the file were modified to make them valid MATLAB identifiers before creating variable names for the table. The original column headers are saved in the VariableDescriptions property.
Set 'PreserveVariableNames' to true to use the original column headers as table variable names.
Iterative Contrastive Dimensionality Reduction ...
batch 1 Number of cPCs -> 15
batch 1 Alpha Selected -> 52.1401
batch 2 Number of cPCs -> 16
batch 2 Alpha Selected -> 47.5081
batch 3 Number of cPCs -> 13
batch 3 Alpha Selected -> 43.2876
batch 4 Number of cPCs -> 15
batch 4 Alpha Selected -> 47.5081
batch 5 Number of cPCs -> 15
batch 5 Alpha Selected -> 47.5081
batch 6 Number of cPCs -> 15
batch 6 Alpha Selected -> 52.1401
batch 7 Number of cPCs -> 16
batch 7 Alpha Selected -> 43.2876
batch 8 Number of cPCs -> 15
batch 8 Alpha Selected -> 47.5081
batch 9 Number of cPCs -> 15
batch 9 Alpha Selected -> 52.1401
batch 10 Number of cPCs -> 16
batch 10 Alpha Selected -> 68.9261
Node-node distance and shortest paths ...
